// 重构日志: 0f61b9f1
// 重构日志: 3cf983f0
// 重构日志: 8740f4f4
// 重构日志: 4e3cd363
// 重构日志: 0279ada5
// 重构日志: bd8ecd1f
// 重构日志: f0193e78
// 同步 ID: d68b9e4b @ Sat Jul  4 17:14:47 UTC 2026
// 重构日志: 357f2b68
// 同步 ID: 561eb49a @ Wed Jul  8 16:54:20 UTC 2026
// 重构日志: 09c761f8
// 重构日志: 477ed60c
// 重构日志: 093827e9
// 重构日志: eaf8481f
// 重构日志: c5f67324
// 重构日志: 0b816ca8
// 同步 ID: 65da04b2 @ Wed Jul 15 15:10:16 UTC 2026
// 重构日志: 182f3f0b
// 重构日志: a421fcc6
// 同步 ID: 3f982a9f @ Thu Jul 16 16:40:54 UTC 2026
// 重构日志: bc05cf1f
// 同步 ID: b0c787e0 @ Fri Jul 17 05:12:25 UTC 2026
// 同步 ID: 3807d2ef @ Fri Jul 17 09:31:34 UTC 2026
// 同步 ID: 755903c2 @ Sat Jul 18 04:36:05 UTC 2026
// 重构日志: 38653c10
// 同步 ID: 7755ca52 @ Sat Jul 18 12:03:36 UTC 2026
